2025-01-10 22:53:41 | SUCCESS  | config.logging_config:setup_logging:75 - Logging configured successfully
2025-01-10 22:53:41 | INFO     | api.app:lifespan:72 - Starting up...
2025-01-10 22:53:46 | INFO     | api.app:lifespan:75 - Shutting down...
2025-01-10 22:53:46 | INFO     | managers.dependencies:get_agent_manager:57 - Creating new AgentManager instance
2025-01-10 22:53:46 | DEBUG    | managers.dependencies:get_agent_manager:59 - Creating new GameFactory instance
2025-01-10 22:53:46 | INFO     | managers.filesystem_adapter:__init__:27 - Initializing FileSystemAdapter
2025-01-10 22:53:46 | DEBUG    | managers.filesystem_adapter:__init__:32 - Creating base directory: C:\Users\erpes\Desktop\casys-rpg\data
2025-01-10 22:53:46 | DEBUG    | managers.filesystem_adapter:__init__:39 - Creating namespace directory for raw_content: C:\Users\erpes\Desktop\casys-rpg\data\sections
2025-01-10 22:53:46 | DEBUG    | managers.filesystem_adapter:__init__:39 - Creating namespace directory for rules: C:\Users\erpes\Desktop\casys-rpg\data\cache\rules
2025-01-10 22:53:46 | DEBUG    | managers.filesystem_adapter:__init__:39 - Creating namespace directory for sections: C:\Users\erpes\Desktop\casys-rpg\data\cache\sections
2025-01-10 22:53:46 | INFO     | managers.filesystem_adapter:__init__:42 - FileSystemAdapter initialized successfully
2025-01-10 22:53:46 | DEBUG    | managers.filesystem_adapter:__init__:43 - Base path: C:\Users\erpes\Desktop\casys-rpg\data
2025-01-10 22:53:46 | DEBUG    | managers.filesystem_adapter:__init__:44 - Encoding: utf-8
2025-01-10 22:53:46 | DEBUG    | managers.cache_manager:__init__:53 - CacheManager initialized with config: StorageConfig
2025-01-10 22:53:46 | DEBUG    | managers.cache_manager:__init__:54 - Base storage path: C:\Users\erpes\Desktop\casys-rpg\data
2025-01-10 22:53:46 | DEBUG    | managers.dependencies:get_agent_manager:64 - Creating game components
2025-01-10 22:53:46 | INFO     | managers.state_manager:__init__:45 - Initializing StateManager
2025-01-10 22:53:46 | DEBUG    | managers.state_manager:__init__:52 - StateManager initialized with config: base_path=WindowsPath('data') encoding='utf-8' max_cache_size=1000 game_id=None manager_id='' persistence_enabled=True debug=False cache_enabled=True options={} namespaces={'state': NamespaceConfig(path=WindowsPath('cache/games/{game_id}/states'), format=<StorageFormat.JSON: 'json'>, ttl_seconds=3600, cache_enabled=True, per_game=True), 'trace': NamespaceConfig(path=WindowsPath('cache/games/{game_id}/traces'), format=<StorageFormat.JSON: 'json'>, ttl_seconds=None, cache_enabled=True, per_game=True), 'characters': NamespaceConfig(path=WindowsPath('cache/games/{game_id}/characters'), format=<StorageFormat.JSON: 'json'>, ttl_seconds=None, cache_enabled=True, per_game=True), 'raw_content': NamespaceConfig(path=WindowsPath('sections'), format=<StorageFormat.MARKDOWN: 'markdown'>, ttl_seconds=None, cache_enabled=False, per_game=False), 'rules': NamespaceConfig(path=WindowsPath('cache/rules'), format=<StorageFormat.MARKDOWN: 'markdown'>, ttl_seconds=None, cache_enabled=True, per_game=False), 'sections': NamespaceConfig(path=WindowsPath('cache/sections'), format=<StorageFormat.MARKDOWN: 'markdown'>, ttl_seconds=None, cache_enabled=True, per_game=False)}
2025-01-10 22:53:46 | INFO     | managers.rules_manager:__init__:30 - Initializing RulesManager
2025-01-10 22:53:46 | DEBUG    | managers.rules_manager:__init__:34 - RulesManager initialized with config: StorageConfig
2025-01-10 22:53:46 | INFO     | managers.narrator_manager:__init__:28 - Initializing NarratorManager
2025-01-10 22:53:46 | DEBUG    | managers.narrator_manager:__init__:31 - NarratorManager initialized with config: StorageConfig
2025-01-10 22:53:46 | INFO     | managers.workflow_manager:__init__:33 - Initializing WorkflowManager
2025-01-10 22:53:46 | DEBUG    | managers.workflow_manager:__init__:35 - WorkflowManager initialized with state_manager: StateManager
2025-01-10 22:53:47 | DEBUG    | managers.dependencies:get_agent_manager:72 - Initializing AgentManager with components
2025-01-10 22:53:47 | INFO     | managers.agent_manager:__init__:83 - Initializing AgentManager
2025-01-10 22:53:47 | INFO     | managers.agent_manager:__init__:95 - AgentManager initialization completed
2025-01-10 22:53:47 | INFO     | managers.dependencies:get_agent_manager:79 - AgentManager initialized successfully
2025-01-10 22:53:47 | DEBUG    | api.app:shutdown_event:60 - Cleaning up AgentManager
2025-01-10 22:53:47 | INFO     | managers.agent_manager:stop_game:327 - Stopping game...
2025-01-10 22:53:47 | DEBUG    | managers.agent_manager:stop_game:332 - No game ID set, nothing to save
2025-01-10 22:53:47 | INFO     | api.app:shutdown_event:63 - API shutdown successfully
